<?xml version="1.0" encoding="UTF-8"?>
<!-- Generated by org.testng.reporters.JUnitReportReporter -->
<testsuite skipped="0" hostname="b2ml25766" name="com.qa.makemytrip.runner.TestCaseRunner" tests="1" failures="0" timestamp="24 Jul 2020 05:16:47 GMT" time="13.360" errors="0">
  <testcase name="feature" time="13.360" classname="com.qa.makemytrip.runner.TestCaseRunner"/>
</testsuite> <!-- com.qa.makemytrip.runner.TestCaseRunner -->
